<?xml version="1.0" encoding="UTF-8"?>
<testng-results skipped="0" failed="0" ignored="0" total="2" passed="2">
  <reporter-output>
    <line>
      <![CDATA[Browser is Opened]]>
    </line>
    <line>
      <![CDATA[Browser is Opened]]>
    </line>
  </reporter-output>
  <suite name="TestSuite" duration-ms="36482" started-at="2019-07-15T12:36:06Z" finished-at="2019-07-15T12:36:43Z">
    <groups>
    </groups>
    <test name="FirefoxTest" duration-ms="31088" started-at="2019-07-15T12:36:06Z" finished-at="2019-07-15T12:36:37Z">
      <class name="parallel.twobrowsers">
        <test-method status="PASS" signature="setup(java.lang.String)[pri:0, instance:parallel.twobrowsers@7f9a81e8]" name="setup" is-config="true" duration-ms="14889" started-at="2019-07-15T18:06:06Z" finished-at="2019-07-15T18:06:21Z">
          <params>
            <param index="0">
              <value>
                <![CDATA[Firefox]]>
              </value>
            </param>
          </params>
          <reporter-output>
          </reporter-output>
        </test-method> <!-- setup -->
        <test-method status="PASS" signature="homepage()[pri:0, instance:parallel.twobrowsers@7f9a81e8]" name="homepage" duration-ms="16188" started-at="2019-07-15T18:06:21Z" finished-at="2019-07-15T18:06:37Z">
          <reporter-output>
            <line>
              <![CDATA[Browser is Opened]]>
            </line>
          </reporter-output>
        </test-method> <!-- homepage -->
      </class> <!-- parallel.twobrowsers -->
    </test> <!-- FirefoxTest -->
    <test name="ChromeTest" duration-ms="36482" started-at="2019-07-15T12:36:06Z" finished-at="2019-07-15T12:36:43Z">
      <class name="parallel.twobrowsers">
        <test-method status="PASS" signature="setup(java.lang.String)[pri:0, instance:parallel.twobrowsers@1efbd816]" name="setup" is-config="true" duration-ms="8675" started-at="2019-07-15T18:06:06Z" finished-at="2019-07-15T18:06:15Z">
          <params>
            <param index="0">
              <value>
                <![CDATA[Chrome]]>
              </value>
            </param>
          </params>
          <reporter-output>
          </reporter-output>
        </test-method> <!-- setup -->
        <test-method status="PASS" signature="homepage()[pri:0, instance:parallel.twobrowsers@1efbd816]" name="homepage" duration-ms="27786" started-at="2019-07-15T18:06:15Z" finished-at="2019-07-15T18:06:43Z">
          <reporter-output>
            <line>
              <![CDATA[Browser is Opened]]>
            </line>
          </reporter-output>
        </test-method> <!-- homepage -->
      </class> <!-- parallel.twobrowsers -->
    </test> <!-- ChromeTest -->
  </suite> <!-- TestSuite -->
</testng-results>
